<?xml version="1.0" encoding="UTF-8"?>
<testng-results ignored="0" total="1" passed="1" failed="0" skipped="0">
  <reporter-output>
  </reporter-output>
  <suite started-at="2024-01-22T10:08:39 IST" name="Default suite" finished-at="2024-01-22T10:09:01 IST" duration-ms="22095">
    <groups>
    </groups>
    <test started-at="2024-01-22T10:08:39 IST" name="Default test" finished-at="2024-01-22T10:09:01 IST" duration-ms="22095">
      <class name="wikiAutomation.AppiumBeginners.LandscapeOrientation">
        <test-method is-config="true" signature="configureAppium()[pri:0, instance:wikiAutomation.AppiumBeginners.LandscapeOrientation@2ef3eef9]" started-at="2024-01-22T10:08:39 IST" name="configureAppium" finished-at="2024-01-22T10:08:48 IST" duration-ms="8926" status="PASS">
          <reporter-output>
          </reporter-output>
        </test-method> <!-- configureAppium -->
        <test-method signature="WifiSettingsName()[pri:0, instance:wikiAutomation.AppiumBeginners.LandscapeOrientation@2ef3eef9]" started-at="2024-01-22T10:08:48 IST" name="WifiSettingsName" finished-at="2024-01-22T10:08:56 IST" duration-ms="8269" status="PASS">
          <reporter-output>
          </reporter-output>
        </test-method> <!-- WifiSettingsName -->
        <test-method is-config="true" signature="tearDown()[pri:0, instance:wikiAutomation.AppiumBeginners.LandscapeOrientation@2ef3eef9]" started-at="2024-01-22T10:08:56 IST" name="tearDown" finished-at="2024-01-22T10:09:01 IST" duration-ms="4874" status="PASS">
          <reporter-output>
          </reporter-output>
        </test-method> <!-- tearDown -->
      </class> <!-- wikiAutomation.AppiumBeginners.LandscapeOrientation -->
    </test> <!-- Default test -->
  </suite> <!-- Default suite -->
</testng-results>
